 #Iteration no. Iteration BestIteration worst       Mean ofn        Std-dev   Time elapsed
0       0.002567       0.801836       0.174983       0.237054       0.112063
1       0.000044       0.844490       0.191372       0.269412       2.141023
2       0.000000       0.617676       0.090689       0.167513       4.374163
3       0.000000       0.889344       0.130725       0.247051       6.580528
4       0.000000       0.761263       0.104490       0.201242       8.658576
5       0.000000       0.889344       0.099494       0.193807      10.698922
6       0.000000       0.448725       0.058781       0.124060      12.676107
7       0.000000       0.380969       0.081865       0.109441      14.723318
8       0.000000       0.936525       0.117886       0.258418      16.885953
9       0.000000       0.425042       0.051595       0.115231      19.079651
10       0.000000       0.617676       0.123158       0.189938      21.224561
11       0.000000       0.936525       0.064188       0.200831      23.330365
12       0.000000       0.801836       0.148037       0.271089      25.424425
13       0.000000       0.157064       0.033873       0.051630      27.666855
14       0.000000       0.844490       0.100983       0.208639      29.635187
15       0.000000       0.585982       0.054023       0.135573      31.602923
16       0.000000       0.936525       0.134383       0.276980      33.529437
17       0.000000       0.936525       0.122348       0.260791      35.434818
18       0.000000       0.722661       0.136499       0.227355      37.317818
19       0.000000       0.889344       0.095772       0.232924      39.186479
20       0.000000       0.256242       0.025747       0.060930      41.049093
21       0.000000       0.889344       0.143773       0.277719      43.008702
22       0.000000       0.287692       0.026796       0.065261      44.950381
23       0.000000       0.617676       0.079968       0.162090      46.880917
24       0.000000       0.844490       0.130442       0.246768      48.747558
25       0.000000       0.722661       0.075028       0.186404      50.675730
26       0.000000       0.112401       0.009786       0.028937      52.554975
27       0.000000       0.473581       0.124666       0.174136      54.276305
28       0.000000       0.889344       0.118229       0.283504      55.829911
29       0.000000       0.761263       0.059439       0.195726      57.400469
30       0.000000       0.761263       0.059439       0.195726      58.881746
#Runno is 1 
0       0.000000       0.936525       0.153653       0.230223       0.104956
1       0.000674       0.685927       0.144926       0.209410       1.751589
2       0.000000       0.473581       0.102711       0.167848       3.424350
3       0.000000       0.201802       0.039327       0.059783       5.165622
4       0.000000       0.722661       0.131602       0.214127       6.852773
5       0.000000       0.585982       0.115688       0.190717       8.604666
6       0.000000       0.889344       0.219362       0.305691      10.233671
7       0.000000       0.585982       0.108287       0.177267      11.879023
8       0.000000       0.685927       0.095166       0.173438      13.591928
9       0.000000       0.241623       0.022001       0.051573      15.253370
10       0.000000       0.761263       0.108327       0.218729      16.947304
11       0.000000       0.761263       0.050681       0.156659      18.673326
12       0.000000       0.801836       0.080613       0.195119      20.342305
13       0.000000       0.936525       0.111961       0.241237      22.016280
14       0.000000       0.889344       0.148689       0.248900      23.816566
15       0.000000       0.555800       0.082213       0.163624      25.589328
16       0.000000       0.685927       0.042487       0.143162      27.653458
17       0.000000       0.617676       0.050877       0.136202      29.692527
18       0.000000       0.722661       0.069051       0.164006      31.754710
19       0.000000       0.936525       0.080367       0.215808      33.766560
20       0.000000       0.527052       0.134432       0.260550      28.814228
21       0.000000       0.786401       0.139304       0.242728      30.258060
22       0.000000       0.960788       0.079289       0.224297      31.702837
23       0.000000       0.923106       0.077101       0.212844      33.158055
24       0.000000       0.391896       0.040659       0.106829      34.625031
25       0.000000       0.524376       0.070326       0.129412      36.082622
26       0.000000       0.725652       0.082251       0.161155      37.574637
27       0.000000       0.725652       0.108796       0.227411      39.024476
28       0.000000       0.923106       0.104016       0.262358      40.499836
29       0.000000       0.569098       0.098647       0.171649      41.968963
30       0.000000       0.569098       0.098647       0.171649      43.375568
#Runno is 2 
