 #Iteration no. Iteration Best    Global Best   Time elapsed          x1.gb          x1.ib
0       0.002567       0.002567       0.112063          0.830          0.830
1       0.000044       0.000044       2.141023          0.760          0.760
2       0.000000       0.000000       4.374163          0.750          0.750
3       0.000000       0.000000       6.580528          0.750          0.750
4       0.000000       0.000000       8.658576          0.750          0.750
5       0.000000       0.000000      10.698922          0.750          0.750
6       0.000000       0.000000      12.676107          0.750          0.750
7       0.000000       0.000000      14.723318          0.750          0.750
8       0.000000       0.000000      16.885953          0.750          0.750
9       0.000000       0.000000      19.079651          0.750          0.750
10       0.000000       0.000000      21.224561          0.750          0.750
11       0.000000       0.000000      23.330365          0.750          0.750
12       0.000000       0.000000      25.424425          0.750          0.750
13       0.000000       0.000000      27.666855          0.750          0.750
14       0.000000       0.000000      29.635187          0.750          0.750
15       0.000000       0.000000      31.602923          0.750          0.750
16       0.000000       0.000000      33.529437          0.750          0.750
17       0.000000       0.000000      35.434818          0.750          0.750
18       0.000000       0.000000      37.317818          0.750          0.750
19       0.000000       0.000000      39.186479          0.750          0.750
20       0.000000       0.000000      41.049093          0.750          0.750
21       0.000000       0.000000      43.008702          0.750          0.750
22       0.000000       0.000000      44.950381          0.750          0.750
23       0.000000       0.000000      46.880917          0.750          0.750
24       0.000000       0.000000      48.747558          0.750          0.750
25       0.000000       0.000000      50.675730          0.750          0.750
26       0.000000       0.000000      52.554975          0.750          0.750
27       0.000000       0.000000      54.276305          0.750          0.750
28       0.000000       0.000000      55.829911          0.750          0.750
29       0.000000       0.000000      57.400469          0.750          0.750
30       0.000000       0.000000      58.881746          0.750          0.750
#Runno is 1 

0       0.000000       0.000000       0.104956          0.750          0.750
1       0.000674       0.000000       1.751589          0.750          0.790
2       0.000000       0.000000       3.424350          0.750          0.750
3       0.000000       0.000000       5.165622          0.750          0.750
4       0.000000       0.000000       6.852773          0.750          0.750
5       0.000000       0.000000       8.604666          0.750          0.750
6       0.000000       0.000000      10.233671          0.750          0.750
7       0.000000       0.000000      11.879023          0.750          0.750
8       0.000000       0.000000      13.591928          0.750          0.750
9       0.000000       0.000000      15.253370          0.750          0.750
10       0.000000       0.000000      16.947304          0.750          0.750
11       0.000000       0.000000      18.673326          0.750          0.750
12       0.000000       0.000000      20.342305          0.750          0.750
13       0.000000       0.000000      22.016280          0.750          0.750
14       0.000000       0.000000      23.816566          0.750          0.750
15       0.000000       0.000000      25.589328          0.750          0.750
16       0.000000       0.000000      27.653458          0.750          0.750
17       0.000000       0.000000      29.692527          0.750          0.750
18       0.000000       0.000000      31.754710          0.750          0.750
19       0.000000       0.000000      33.766560          0.750          0.750
20       0.000000       0.000000      28.814228          1.000          1.000
21       0.000000       0.000000      30.258060          1.000          1.000
22       0.000000       0.000000      31.702837          1.000          1.000
23       0.000000       0.000000      33.158055          1.000          1.000
24       0.000000       0.000000      34.625031          1.000          1.000
25       0.000000       0.000000      36.082622          1.000          1.000
26       0.000000       0.000000      37.574637          1.000          1.000
27       0.000000       0.000000      39.024476          1.000          1.000
28       0.000000       0.000000      40.499836          1.000          1.000
29       0.000000       0.000000      41.968963          1.000          1.000
30       0.000000       0.000000      43.375568          1.000          1.000
#Runno is 2 

